Release 8.2.02i - xst I.33
Copyright (c) 1995-2006 Xilinx, Inc.  All rights reserved.
--> Parameter TMPDIR set to ./xst/projnav.tmp
CPU : 0.00 / 0.47 s | Elapsed : 0.00 / 0.00 s
 
--> Parameter xsthdpdir set to ./xst
CPU : 0.00 / 0.47 s | Elapsed : 0.00 / 0.00 s
 
--> Reading design: counter.prj

TABLE OF CONTENTS
  1) Synthesis Options Summary
  2) HDL Compilation
  3) Design Hierarchy Analysis
  4) HDL Analysis
  5) HDL Synthesis
     5.1) HDL Synthesis Report
  6) Advanced HDL Synthesis
     6.1) Advanced HDL Synthesis Report
  7) Low Level Synthesis
  8) Partition Report
  9) Final Report
     9.1) Device utilization summary
     9.2) TIMING REPORT


=========================================================================
*                      Synthesis Options Summary                        *
=========================================================================
---- Source Parameters
Input File Name                    : "counter.prj"
Input Format                       : mixed
Ignore Synthesis Constraint File   : NO

---- Target Parameters
Output File Name                   : "counter"
Output Format                      : NGC
Target Device                      : xc3s200-4-ft256

---- Source Options
Top Module Name                    : counter
Automatic FSM Extraction           : YES
FSM Encoding Algorithm             : Auto
FSM Style                          : lut
RAM Extraction                     : Yes
RAM Style                          : Auto
ROM Extraction                     : Yes
Mux Style                          : Auto
Decoder Extraction                 : YES
Priority Encoder Extraction        : YES
Shift Register Extraction          : YES
Logical Shifter Extraction         : YES
XOR Collapsing                     : YES
ROM Style                          : Auto
Mux Extraction                     : YES
Resource Sharing                   : YES
Multiplier Style                   : auto
Automatic Register Balancing       : No

---- Target Options
Add IO Buffers                     : YES
Global Maximum Fanout              : 500
Add Generic Clock Buffer(BUFG)     : 8
Register Duplication               : YES
Slice Packing                      : YES
Pack IO Registers into IOBs        : auto
Equivalent register Removal        : YES

---- General Options
Optimization Goal                  : Speed
Optimization Effort                : 1
Keep Hierarchy                     : NO
RTL Output                         : Yes
Global Optimization                : AllClockNets
Write Timing Constraints           : NO
Hierarchy Separator                : /
Bus Delimiter                      : <>
Case Specifier                     : maintain
Slice Utilization Ratio            : 100
Slice Utilization Ratio Delta      : 5

---- Other Options
lso                                : counter.lso
Read Cores                         : YES
cross_clock_analysis               : NO
verilog2001                        : YES
safe_implementation                : No
Optimize Instantiated Primitives   : NO
use_clock_enable                   : Yes
use_sync_set                       : Yes
use_sync_reset                     : Yes

=========================================================================


=========================================================================
*                          HDL Compilation                              *
=========================================================================
WARNING:HDLParsers:3338 - "U:\practicas\tutorial modulo2\tutorial\counter_vhdl.prj" Line 1.  Bad file name in project file: Env Variable \practicas\tutorial modulo2\tutorial\counter.vhd not defined.
WARNING:HDLParsers:3215 - Unit work/counter is now defined in a different file: was U:/practicas/tutorial modulo2/tutorial/counter.vhd, now is //naos/dcse0647$/practicas/tutorial modulo2/tutorial/counter.vhd
WARNING:HDLParsers:3215 - Unit work/counter/Behavioral is now defined in a different file: was U:/practicas/tutorial modulo2/tutorial/counter.vhd, now is //naos/dcse0647$/practicas/tutorial modulo2/tutorial/counter.vhd
WARNING:HDLParsers:3386 - Could not update dependency data base xst/work/hdpdeps.ref for library work. Renaming temporarily saved database file "xst/work/xil_2216_5" to xst/work/hdpdeps.ref failed with message : 'No such file or directory'.
Compiling vhdl file "//naos/dcse0647$/practicas/tutorial modulo2/tutorial/counter.vhd" in Library work.
Architecture behavioral of Entity counter is up to date.
WARNING:HDLParsers:3386 - Could not update dependency data base xst/work/hdpdeps.ref for library work. Renaming temporarily saved database file "xst/work/xil_2216_6" to xst/work/hdpdeps.ref failed with message : 'No such file or directory'.
WARNING:HDLParsers:3386 - Could not update dependency data base xst/work/hdpdeps.ref for library work. Renaming temporarily saved database file "xst/work/xil_2216_7" to xst/work/hdpdeps.ref failed with message : 'No such file or directory'.

=========================================================================
*                     Design Hierarchy Analysis                         *
=========================================================================
Analyzing hierarchy for entity <counter> in library <work> (architecture <behavioral>).

Building hierarchy successfully finished.

=========================================================================
*                            HDL Analysis                               *
=========================================================================
Analyzing Entity <counter> in library <work> (Architecture <behavioral>).
Entity <counter> analyzed. Unit <counter> generated.


=========================================================================
*                           HDL Synthesis                               *
=========================================================================

Performing bidirectional port resolution...

Synthesizing Unit <counter>.
    Related source file is "//naos/dcse0647$/practicas/tutorial modulo2/tutorial/counter.vhd".
    Found 4-bit updown counter for signal <count_int>.
    Summary:
	inferred   1 Counter(s).
Unit <counter> synthesized.


=========================================================================
HDL Synthesis Report

Macro Statistics
# Counters                                             : 1
 4-bit updown counter                                  : 1

=========================================================================

=========================================================================
*                       Advanced HDL Synthesis                          *
=========================================================================

Loading device for application Rf_Device from file '3s200.nph' in environment D:\Xilinx.

=========================================================================
Advanced HDL Synthesis Report

Macro Statistics
# Counters                                             : 1
 4-bit updown counter                                  : 1

=========================================================================

=========================================================================
*                         Low Level Synthesis                           *
=========================================================================

Optimizing unit <counter> ...

Mapping all equations...
Building and optimizing final netlist ...
Found area constraint ratio of 100 (+ 5) on block counter, actual ratio is 0.

Final Macro Processing ...

=========================================================================
Final Register Report

Macro Statistics
# Registers                                            : 4
 Flip-Flops                                            : 4

=========================================================================

=========================================================================
*                          Partition Report                             *
=========================================================================

Partition Implementation Status
-------------------------------

  No Partitions were found in this design.

-------------------------------

=========================================================================
*                            Final Report                               *
=========================================================================
Final Results
RTL Top Level Output File Name     : counter.ngr
Top Level Output File Name         : counter
Output Format                      : NGC
Optimization Goal                  : Speed
Keep Hierarchy                     : NO

Design Statistics
# IOs                              : 6

Cell Usage :
# BELS                             : 6
#      LUT3                        : 1
#      LUT4                        : 3
#      MUXF5                       : 1
#      VCC                         : 1
# FlipFlops/Latches                : 4
#      FD                          : 3
#      FDR                         : 1
# Clock Buffers                    : 1
#      BUFGP                       : 1
# IO Buffers                       : 5
#      IBUF                        : 1
#      OBUF                        : 4
=========================================================================

Device utilization summary:
---------------------------

Selected Device : 3s200ft256-4 

 Number of Slices:                       2  out of   1920     0%  
 Number of Slice Flip Flops:             4  out of   3840     0%  
 Number of 4 input LUTs:                 4  out of   3840     0%  
 Number of IOs:                          6
 Number of bonded IOBs:                  6  out of    173     3%  
 Number of GCLKs:                        1  out of      8    12%  


=========================================================================
TIMING REPORT

NOTE: THESE TIMING NUMBERS ARE ONLY A SYNTHESIS ESTIMATE.
      FOR ACCURATE TIMING INFORMATION PLEASE REFER TO THE TRACE REPORT
      GENERATED AFTER PLACE-and-ROUTE.

Clock Information:
------------------
-----------------------------------+------------------------+-------+
Clock Signal                       | Clock buffer(FF name)  | Load  |
-----------------------------------+------------------------+-------+
CLOCK                              | BUFGP                  | 4     |
-----------------------------------+------------------------+-------+

Asynchronous Control Signals Information:
----------------------------------------
No asynchronous control signals found in this design

Timing Summary:
---------------
Speed Grade: -4

   Minimum period: 3.080ns (Maximum Frequency: 324.675MHz)
   Minimum input arrival time before clock: 2.821ns
   Maximum output required time after clock: 7.367ns
   Maximum combinational path delay: No path found

Timing Detail:
--------------
All values displayed in nanoseconds (ns)

=========================================================================
Timing constraint: Default period analysis for Clock 'CLOCK'
  Clock period: 3.080ns (frequency: 324.675MHz)
  Total number of paths / destination ports: 14 / 4
-------------------------------------------------------------------------
Delay:               3.080ns (Levels of Logic = 2)
  Source:            count_int_3 (FF)
  Destination:       count_int_3 (FF)
  Source Clock:      CLOCK rising
  Destination Clock: CLOCK rising

  Data Path: count_int_3 to count_int_3
                                Gate     Net
    Cell:in->out      fanout   Delay   Delay  Logical Name (Net Name)
    ----------------------------------------  ------------
     FD:C->Q               3   0.720   1.246  count_int_3 (count_int_3)
     LUT4:I0->O            1   0.551   0.000  counter_0_xo<1>12 (N12)
     MUXF5:I0->O           1   0.360   0.000  counter_0_xo<1>1_f5 (count_int__addsub0000<3>)
     FD:D                      0.203          count_int_3
    ----------------------------------------
    Total                      3.080ns (1.834ns logic, 1.246ns route)
                                       (59.5% logic, 40.5% route)

=========================================================================
Timing constraint: Default OFFSET IN BEFORE for Clock 'CLOCK'
  Total number of paths / destination ports: 3 / 3
-------------------------------------------------------------------------
Offset:              2.821ns (Levels of Logic = 2)
  Source:            DIRECTION (PAD)
  Destination:       count_int_2 (FF)
  Destination Clock: CLOCK rising

  Data Path: DIRECTION to count_int_2
                                Gate     Net
    Cell:in->out      fanout   Delay   Delay  Logical Name (Net Name)
    ----------------------------------------  ------------
     IBUF:I->O             3   0.821   1.246  DIRECTION_IBUF (DIRECTION_IBUF)
     LUT4:I0->O            1   0.551   0.000  counter_02_xo<1>2 (count_int__addsub0000<2>)
     FD:D                      0.203          count_int_2
    ----------------------------------------
    Total                      2.821ns (1.575ns logic, 1.246ns route)
                                       (55.8% logic, 44.2% route)

=========================================================================
Timing constraint: Default OFFSET OUT AFTER for Clock 'CLOCK'
  Total number of paths / destination ports: 4 / 4
-------------------------------------------------------------------------
Offset:              7.367ns (Levels of Logic = 1)
  Source:            count_int_0 (FF)
  Destination:       COUNT_OUT<0> (PAD)
  Source Clock:      CLOCK rising

  Data Path: count_int_0 to COUNT_OUT<0>
                                Gate     Net
    Cell:in->out      fanout   Delay   Delay  Logical Name (Net Name)
    ----------------------------------------  ------------
     FDR:C->Q              6   0.720   1.003  count_int_0 (count_int_0)
     OBUF:I->O                 5.644          COUNT_OUT_0_OBUF (COUNT_OUT<0>)
    ----------------------------------------
    Total                      7.367ns (6.364ns logic, 1.003ns route)
                                       (86.4% logic, 13.6% route)

=========================================================================
CPU : 20.27 / 20.94 s | Elapsed : 20.00 / 20.00 s
 
--> 

Total memory usage is 149728 kilobytes

Number of errors   :    0 (   0 filtered)
Number of warnings :    6 (   0 filtered)
Number of infos    :    0 (   0 filtered)

