 command line:
   ./counter_tbw_isim_par.exe
     -sdfmax  netgen/par/counter_timesim.sdf
     -sdfroot  /UUT
     -intstyle  ise
     -ipchost  localhost
     -ipcport  1378

Thu Dec 14 21:11:44 2006

Total Line Count = 951

 Elaboration time 0.09375 sec.

 Estimate current memory usage 53.248 Meg. 

 Total signals 272
 Total nets 150
 Total signal drivers 151
 Total blocks 58
 Total primitive blocks 42
 Total processes 203
ntrace select -o on -m / -l this 
ntrace start 
run all 
Simulator is doing circuit initialization process.
Finished circuit initialization process.
