--------------------------------------------------------------------------------
Release 8.2.02i Trace 
Copyright (c) 1995-2006 Xilinx, Inc.  All rights reserved.

D:\Xilinx\bin\nt\trce.exe -ise
C:/Documents and Settings/dcse0647/Escritorio/BORRAR/BORRAR/BORRAR.ise
-intstyle ise -e 3 -l 3 -s 4 -xml supersonic supersonic.ncd -o supersonic.twr
supersonic.pcf -ucf supersonic.ucf

Design file:              supersonic.ncd
Physical constraint file: supersonic.pcf
Device,speed:             xc3s1000,-4 (PRODUCTION 1.39 2006-07-07)
Report level:             error report

Environment Variable      Effect 
--------------------      ------ 
NONE                      No environment variables were set
--------------------------------------------------------------------------------

INFO:Timing:2752 - To get complete path coverage, use the unconstrained paths 
   option. All paths that are not constrained will be reported in the 
   unconstrained paths section(s) of the report.

================================================================================
Timing constraint: TS_clk50in = PERIOD TIMEGRP "clk50in" 20 ns HIGH 50%;

 7585 items analyzed, 0 timing errors detected. (0 setup errors, 0 hold errors)
 Minimum period is  15.718ns.
--------------------------------------------------------------------------------


All constraints were met.


Data Sheet report:
-----------------
All values displayed in nanoseconds (ns)

Clock to Setup on destination clock clk50in
---------------+---------+---------+---------+---------+
               | Src:Rise| Src:Fall| Src:Rise| Src:Fall|
Source Clock   |Dest:Rise|Dest:Rise|Dest:Fall|Dest:Fall|
---------------+---------+---------+---------+---------+
clk50in        |   15.718|         |         |         |
---------------+---------+---------+---------+---------+


Timing summary:
---------------

Timing errors: 0  Score: 0

Constraints cover 7585 paths, 0 nets, and 1673 connections

Design statistics:
   Minimum period:  15.718ns   (Maximum frequency:  63.621MHz)


Analysis completed Wed Feb 21 15:33:38 2007
--------------------------------------------------------------------------------

Trace Settings:
-------------------------
Trace Settings 

Peak Memory Usage: 131 MB



