iMPACT Version: 
iMPACT log file Started on Fri Jan 19 14:00:02 2007

// *** BATCH CMD : setPreference -pref AutoSignature:FALSE
// *** BATCH CMD : setPreference -pref KeepSVF:FALSE
// *** BATCH CMD : setPreference -pref ConcurrentMode:FALSE
// *** BATCH CMD : setPreference -pref UseHighz:FALSE
// *** BATCH CMD : setPreference -pref svfUseTime:FALSE
The following values are set for this run of the wizard
SUBMODE_TYPE is SUBMODE_PFFSERIAL
MULTIBOOT_DEVICE is DEVICE_NONE
MULTIBOOT_TYPE is TYPE_NONE
Downstream Daisy-Chain type is CHAINTYPE_NONE
setMultiBootSelect is FALSE
setSPISelect is FALSE
// *** BATCH CMD : setMode -pff
// *** BATCH CMD : setMode -pff
// *** BATCH CMD : addConfigDevice  -name "stopwatch1" -path"C:\Xilinx\ISEexamples\wtut_vhd\wtut_vhd\"
// *** BATCH CMD : setSubmode -pffserial
// *** BATCH CMD : setAttribute -configdevice -attr multibootBpiType -value ""
// *** BATCH CMD : addDesign -version 0 -name ""
// *** BATCH CMD : setCurrentDesign -version 0
// *** BATCH CMD : setMode -pff
// *** BATCH CMD : addDeviceChain -index 0
// *** BATCH CMD : setCurrentDesign -version 0
// *** BATCH CMD : setMode -pff
// *** BATCH CMD : addDeviceChain -index 0
Override chain at index 0.
Overriding chain at index 0.
// *** BATCH CMD : setAttribute -configdevice -attr compressed -value "FALSE"
// *** BATCH CMD : setAttribute -configdevice -attr compressed -value "FALSE"
// *** BATCH CMD : setAttribute -configdevice -attr autoSize -value "TRUE"
// *** BATCH CMD : setAttribute -configdevice -attr fileFormat -value "mcs"
// *** BATCH CMD : setAttribute -configdevice -attr fillValue -value "FF"
// *** BATCH CMD : setAttribute -configdevice -attr swapBit -value "FALSE"
// *** BATCH CMD : setAttribute -configdevice -attr dir -value "UP"
// *** BATCH CMD : setAttribute -configdevice -attr multiboot -value "FALSE"
// *** BATCH CMD : setAttribute -configdevice -attr multiboot -value "FALSE"
// *** BATCH CMD : setAttribute -configdevice -attr spiSelected -value "FALSE"
// *** BATCH CMD : setAttribute -configdevice -attr spiSelected -value "FALSE"
// *** BATCH CMD : setMode -pff
------------------------  GUI: PFFView Wizard Data Report ------------------------
SubMode: PFF_SERIAL
MB Master Device: 
MB Mode: 
MB Chain: 
getMultiBootSelected(): FALSE
getSPISelected(): FALSE
------------------------  GUI: End PFFView Report  ------------------------
// *** BATCH CMD : setMode -pff
// *** BATCH CMD : setCurrentDesign -version 0
// *** BATCH CMD : setCurrentDeviceChain -index 0
// *** BATCH CMD : setCurrentDeviceChain -index 0
// *** BATCH CMD : deleteDesign -version 0
// *** BATCH CMD : setCurrentDesign -version -1
// *** BATCH CMD : setMode -pff
// *** BATCH CMD : addConfigDevice -size 512 -name "stopwatch1" -path"C:\Xilinx\ISEexamples\wtut_vhd\wtut_vhd\/"
// *** BATCH CMD : setSubmode -pffserial
// *** BATCH CMD : setAttribute -configdevice -attr dir -value "UP"
// *** BATCH CMD : setMode -pff
// *** BATCH CMD : setSubmode -pffserial
// *** BATCH CMD : setAttribute -configdevice -attr dir -value "UP"
// *** BATCH CMD : addDesign -version 0 -name "0000"
// *** BATCH CMD : setMode -pff
// *** BATCH CMD : addDeviceChain -index 0
// *** BATCH CMD : setCurrentDesign -version 0
// *** BATCH CMD : setCurrentDeviceChain -index 0
------------------------  GUI: Wizard Data Report  ---------------------------
      PROM Mode : Serial
      Compression : false
      Fill Value : FF
      Output Format : mcs
      Swap Bits : true
      LoadDirection : UP
      PROM Basename : stopwatch1
      File Location : C:\Xilinx\ISEexamples\wtut_vhd\wtut_vhd\/
      Auto Selcet : false
      Number of Data Stream : 1
      Number of PROMs : 0
-------------------------- END of Report ----------------------------
// *** BATCH CMD : setCurrentDesign -version 0
// *** BATCH CMD : setCurrentDeviceChain -index 0
// *** BATCH CMD : setAttribute -design -attr name -value "0"
// *** BATCH CMD : addDevice -p 1 -file"C:/Xilinx/ISEexamples/wtut_vhd/wtut_vhd/stopwatch.bit"
'1': Loading file 'C:/Xilinx/ISEexamples/wtut_vhd/wtut_vhd/stopwatch.bit' ...
INFO:iMPACT - Elapsed time =      0 sec.
done.
WARNING:iMPACT:2257 - Startup Clock has been changed to 'Cclk' in the bitstream   stored in memory,
   but the original bitstream file remains unchanged.
Dumping bit fileC:/Xilinx/ISEexamples/wtut_vhd/wtut_vhd/stopwatch_cclktemp.bit...
INFO:iMPACT:501 - '1': Added Device xc3s200 successfully.
----------------------------------------------------------------------
----------------------------------------------------------------------
Add one device.Revision 0, Design 0 Device #0 is Selected.
// *** BATCH CMD : setCurrentDesign -version 0
// *** BATCH CMD : setCurrentDeviceChain -index 0
Revision 0, Design 0 Device #0 is Selected.
// *** BATCH CMD : setMode -pff
// *** BATCH CMD : setSubmode -pffserial
// *** BATCH CMD : setAttribute -configdevice -attr fillValue -value "FF"
// *** BATCH CMD : setAttribute -configdevice -attr fileFormat -value "mcs"
// *** BATCH CMD : setAttribute -configdevice -attr dir -value "UP"
// *** BATCH CMD : setAttribute -configdevice -attr path -value"C:\Xilinx\ISEexamples\wtut_vhd\wtut_vhd\/"
// *** BATCH CMD : setAttribute -configdevice -attr name -value "stopwatch1"
// *** BATCH CMD : generate -generic -compressed
'1': Added Device xcf01s successfully.
----------------------------------------------------------------------
----------------------------------------------------------------------
Generating Prom file using the following auto generated Prom(s):
xcf01s
----------------------------------------------------------------------
Swap bit can only be disabled in Hex file format only.
Compression is not available for generic PROM. Proceed without compression. 
Command:   -w -p mcs -c FF -oC:\Xilinx\ISEexamples\wtut_vhd\wtut_vhd\//stopwatch1 -u 0C:/Xilinx/ISEexamples/wtut_vhd/wtut_vhd/stopwatch_cclktemp.bit -x xcf01s 
0x1ff88 (130952) bytes loaded up from 0x0
Using user-specified prom size of 128K
Writing file "C:\Xilinx\ISEexamples\wtut_vhd\wtut_vhd\//stopwatch1.mcs".
Writing file "C:\Xilinx\ISEexamples\wtut_vhd\wtut_vhd\//stopwatch1.prm".
Writing file "C:\Xilinx\ISEexamples\wtut_vhd\wtut_vhd\//stopwatch1.sig".
Total configuration bit size = 1047616 bits.Total configuration byte size = 130952 bytes.Revision 0, Design 0 Device #0 is Selected.
Revision 0, Design 0 Device #0 is Selected.
Revision 0, Design 0 Device #0 is Selected.
// *** BATCH CMD : setMode -pff
// *** BATCH CMD : setSubmode -pffserial
// *** BATCH CMD : setAttribute -configdevice -attr fillValue -value "FF"
// *** BATCH CMD : setAttribute -configdevice -attr fileFormat -value "mcs"
// *** BATCH CMD : setAttribute -configdevice -attr dir -value "UP"
// *** BATCH CMD : setAttribute -configdevice -attr path -value"C:\Xilinx\ISEexamples\wtut_vhd\wtut_vhd\/"
// *** BATCH CMD : setAttribute -configdevice -attr name -value "stopwatch1"
// *** BATCH CMD : generate -compressed
Swap bit can only be disabled in Hex file format only.
Command:   -w -p mcs -c FF -oC:\Xilinx\ISEexamples\wtut_vhd\wtut_vhd\//stopwatch1 -u 0C:/Xilinx/ISEexamples/wtut_vhd/wtut_vhd/stopwatch_cclktemp.bit -x xcf01s 
0x1ff88 (130952) bytes loaded up from 0x0
Using user-specified prom size of 128K
Writing file "C:\Xilinx\ISEexamples\wtut_vhd\wtut_vhd\//stopwatch1.mcs".
Writing file "C:\Xilinx\ISEexamples\wtut_vhd\wtut_vhd\//stopwatch1.prm".
Writing file "C:\Xilinx\ISEexamples\wtut_vhd\wtut_vhd\//stopwatch1.sig".
Total configuration bit size = 1047616 bits.Total configuration byte size = 130952 bytes.// *** BATCH CMD : setCurrentDesign -version 0
// *** BATCH CMD : setCurrentDesign -version 0
// *** BATCH CMD : setMode -ss
// *** BATCH CMD : setMode -ss
// *** BATCH CMD : setMode -sm
// *** BATCH CMD : setMode -sm
// *** BATCH CMD : setMode -ss
// *** BATCH CMD : setMode -ss
// *** BATCH CMD : setMode -bs
// *** BATCH CMD : setMode -bs
// *** BATCH CMD : setMode -pff
// *** BATCH CMD : setMode -pff
// *** BATCH CMD : setMode -ss
// *** BATCH CMD : setMode -ss
// *** BATCH CMD : setMode -sm
// *** BATCH CMD : setMode -sm
// *** BATCH CMD : setMode -bs
// *** BATCH CMD : setMode -bs
// *** BATCH CMD : setMode -sm
// *** BATCH CMD : setMode -sm
// *** BATCH CMD : setMode -ss
// *** BATCH CMD : setMode -ss
// *** BATCH CMD : setMode -pff
// *** BATCH CMD : setMode -pff
Revision 0, Design 0 Device #0 is Selected.
