Release 8.2i reportgen I.31
Copyright (c) 1995-2006 Xilinx, Inc.  All rights reserved.

SUPERSONIC::  Fri Jan 19 12:26:14 2007

C:\Xilinx\bin\nt\reportgen.exe -intstyle ise -delay -o stopwatch_last_par
stopwatch_last_par.ncd 

Loading device for application Rf_Device from file '3s200.nph' in environment
C:\Xilinx.
   "stopwatch" is an NCD, version 3.1, device xc3s200, package ft256, speed -4
ReportGen:LoadDesign: 'stopwatch_last_par.ncd'
Initializing temperature to 85.000 Celsius. (default - Range: 0.000 to 85.000
Celsius)
Initializing voltage to 1.140 Volts. (default - Range: 1.140 to 1.260 Volts)
Device speed data version:  "PRODUCTION 1.38 2006-05-03".

Generating Delay Report: stopwatch_last_par.dly


   The Delay Summary Report


The NUMBER OF SIGNALS NOT COMPLETELY ROUTED for this design is: 0

   The AVERAGE CONNECTION DELAY for this design is:        1.015
   The MAXIMUM PIN DELAY IS:                               4.766
   The AVERAGE CONNECTION DELAY on the 10 WORST NETS is:   2.938

   Listing Pin Delays by value: (nsec)

    d < 1.00   < d < 2.00  < d < 3.00  < d < 4.00  < d < 5.00  d >= 5.00
   ---------   ---------   ---------   ---------   ---------   ---------
         300         181          39           5           1           0


**************************
Generating Clock Report
**************************

+---------------------+--------------+------+------+------------+-------------+
|        Clock Net    |   Resource   |Locked|Fanout|Net Skew(ns)|Max Delay(ns)|
+---------------------+--------------+------+------+------------+-------------+
|CLKDIV262K_1/temp_di |              |      |      |            |             |
|         v_262144<3> |      BUFGMUX7| No   |   16 |  0.040     |  1.050      |
+---------------------+--------------+------+------+------------+-------------+
|             clk_int |      BUFGMUX2| No   |   17 |  0.040     |  1.051      |
+---------------------+--------------+------+------+------------+-------------+
|         clk_262144k |      BUFGMUX3| No   |    2 |  0.000     |  1.010      |
+---------------------+--------------+------+------+------------+-------------+
|CLKDIV262K_1/div_32< |              |      |      |            |             |
|                 15> |         Local|      |    3 |  0.000     |  1.394      |
+---------------------+--------------+------+------+------------+-------------+
|CLKDIV262K_1/div_102 |              |      |      |            |             |
|               4<15> |         Local|      |    3 |  0.710     |  2.102      |
+---------------------+--------------+------+------+------------+-------------+
|CLKDIV262K_1/div_327 |              |      |      |            |             |
|              68<15> |         Local|      |    3 |  0.710     |  2.102      |
+---------------------+--------------+------+------+------------+-------------+

* Net Skew is the difference between the minimum and maximum routing
only delays for the net. Note this is different from Clock Skew which
is reported in TRCE timing report. Clock Skew is the difference between
the minimum and maximum path delays which includes logic delays.


Number of error messages: 0
Number of warning messages: 0
Number of info messages: 0

reportgen done!
