#:C49    
#Xilinx FPGA Editor Command Log File
#Editor Version:
#:V   NT M2.1 I.31
#Current Working Directory:
#:D   C:\Xilinx\ISEexamples\wtut_vhd\wtut_vhd
#Date/Time:
#:T   Fri Jan 19 12:13:52 2007
#------------------------------
	#Reading stopwatch_map.ncd...
	#Loading device for application Rf_Device from file '3s200.nph' in environment C:\Xilinx;C:\Xilinx.
	#   "stopwatch" is an NCD, version 3.1, device xc3s200, package ft256, speed -4
	#Building chip graphics...
	#Loading speed info...
	#1
setattr main edit-mode no-logic-changes
	#2
unselect -all
	#3
unselect -all
	#4
unselect -all
	#5
unselect -all
	#6
select site 'SLICE_X19Y21'
	#site "SLICE_X19Y21",  type = SLICEL  (RPM grid X30Y47)
	#7
unselect -all
	#8
unselect -all
	#9
unselect -all
	#10
unselect -all
	#11
unselect -all
	#12
unselect -all
	#13
unselect -all
	#14
unselect -all
	#15
select site 'SLICE_X18Y21'
	#site "SLICE_X18Y21",  type = SLICEM  (RPM grid X30Y45)
	#16
unselect -all
	#17
select site 'SLICE_X18Y20'
	#site "SLICE_X18Y20",  type = SLICEM  (RPM grid X30Y44)
	#18
unselect -all
	#19
select site 'SLICE_X18Y21'
	#site "SLICE_X18Y21",  type = SLICEM  (RPM grid X30Y45)
	#20
unselect -all
	#21
select site 'SLICE_X19Y20'
	#site "SLICE_X19Y20",  type = SLICEL  (RPM grid X30Y46)
	#22
unselect -all
	#23
select site 'SLICE_X18Y21'
	#site "SLICE_X18Y21",  type = SLICEM  (RPM grid X30Y45)
	#24
unselect -all
	#25
select site 'SLICE_X18Y21'
	#site "SLICE_X18Y21",  type = SLICEM  (RPM grid X30Y45)
	#26
post block
	#27
unselect -all
	#28
unselect -all
	#29
unselect -all
	#30
select wire 'OMUX(23097,-3920)'
	#node = OMUX(23097,-3920)
	#31
unselect -all
	#32
unselect -all
	#33
unselect -all
	#34
unselect -all
	#35
select wire 'INPUT(21096,-5744)'
	#node = INPUT(21096,-5744)
	#36
unselect -all
	#37
select wire 'DUMMY(20929,-5728)'
	#node = DUMMY(20929,-5728)
	#38
unselect -all
	#39
select wire 'DUMMY(20929,-5744)'
	#node = DUMMY(20929,-5744)
	#40
unselect -all
	#41
select wire 'PREBXBY(20929,-5848)'
	#node = PREBXBY(20929,-5848)
	#42
unselect -all
	#43
select wire 'DUMMY(20929,-5816)'
	#node = DUMMY(20929,-5816)
	#44
unselect -all
	#45
select site 'SLICE_X31Y20'
	#site "SLICE_X31Y20",  type = SLICEL  (RPM grid X48Y46)
	#46
unselect -all
	#47
select site 'SLICE_X31Y20'
	#site "SLICE_X31Y20",  type = SLICEL  (RPM grid X48Y46)
	#48
post block
	#49
unselect site 'SLICE_X31Y20'
	#50
select -k comp 'CLKDIV262K_1/div_32<15>'
	#51
unselect -all
	#52
select site 'MULT18X18_X1Y3'
	#site "MULT18X18_X1Y3",  type = MULT18X18  (RPM grid X56Y66)
	#53
unselect -all
	#54
select site 'MULT18X18_X1Y3'
	#site "MULT18X18_X1Y3",  type = MULT18X18  (RPM grid X56Y66)
	#55
unselect -all
	#56
select site 'MULT18X18_X1Y3'
	#site "MULT18X18_X1Y3",  type = MULT18X18  (RPM grid X56Y66)
	#57
post block
	#<BLACKBOX>.
	#<BLACKBOX>.
	#<BLACKBOX>.
